<?xml version="1.0" encoding="UTF-8"?>
<testng-results skipped="0" failed="1" ignored="0" total="3" passed="2">
  <reporter-output>
  </reporter-output>
  <suite name="TestCases_Manager" duration-ms="35056" started-at="2018-04-11T01:16:52Z" finished-at="2018-04-11T01:17:27Z">
    <groups>
      <group name="TS_Change Password">
        <method signature="TS_01_LoginAndPassword.tc_03_negativeChangePassword()[pri:3, instance:com.testcases.manager.TS_01_LoginAndPassword@482f8f11]" name="tc_03_negativeChangePassword" class="com.testcases.manager.TS_01_LoginAndPassword"/>
      </group> <!-- TS_Change Password -->
      <group name="TS_Login">
        <method signature="TS_01_LoginAndPassword.tc_01_positiveLoginTest()[pri:1, instance:com.testcases.manager.TS_01_LoginAndPassword@482f8f11]" name="tc_01_positiveLoginTest" class="com.testcases.manager.TS_01_LoginAndPassword"/>
        <method signature="TS_01_LoginAndPassword.tc_02_negativeLoginTest()[pri:1, instance:com.testcases.manager.TS_01_LoginAndPassword@482f8f11]" name="tc_02_negativeLoginTest" class="com.testcases.manager.TS_01_LoginAndPassword"/>
      </group> <!-- TS_Login -->
    </groups>
    <test name="Regression1" duration-ms="35056" started-at="2018-04-11T01:16:52Z" finished-at="2018-04-11T01:17:27Z">
      <class name="com.testcases.manager.TS_01_LoginAndPassword">
        <test-method status="PASS" signature="beforeMethod()[pri:0, instance:com.testcases.manager.TS_01_LoginAndPassword@482f8f11]" name="beforeMethod" is-config="true" duration-ms="10533" started-at="2018-04-11T01:16:52Z" finished-at="2018-04-11T01:17:02Z">
          <reporter-output>
          </reporter-output>
        </test-method> <!-- beforeMethod -->
        <test-method status="PASS" signature="tc_01_positiveLoginTest()[pri:1, instance:com.testcases.manager.TS_01_LoginAndPassword@482f8f11]" name="tc_01_positiveLoginTest" duration-ms="1859" started-at="2018-04-11T01:17:02Z" finished-at="2018-04-11T01:17:04Z">
          <reporter-output>
          </reporter-output>
        </test-method> <!-- tc_01_positiveLoginTest -->
        <test-method status="PASS" signature="beforeMethod()[pri:0, instance:com.testcases.manager.TS_01_LoginAndPassword@482f8f11]" name="beforeMethod" is-config="true" duration-ms="6100" started-at="2018-04-11T01:17:04Z" finished-at="2018-04-11T01:17:10Z">
          <reporter-output>
          </reporter-output>
        </test-method> <!-- beforeMethod -->
        <test-method status="PASS" signature="tc_02_negativeLoginTest()[pri:1, instance:com.testcases.manager.TS_01_LoginAndPassword@482f8f11]" name="tc_02_negativeLoginTest" duration-ms="712" started-at="2018-04-11T01:17:10Z" finished-at="2018-04-11T01:17:11Z">
          <reporter-output>
          </reporter-output>
        </test-method> <!-- tc_02_negativeLoginTest -->
        <test-method status="PASS" signature="beforeMethod()[pri:0, instance:com.testcases.manager.TS_01_LoginAndPassword@482f8f11]" name="beforeMethod" is-config="true" duration-ms="5469" started-at="2018-04-11T01:17:11Z" finished-at="2018-04-11T01:17:16Z">
          <reporter-output>
          </reporter-output>
        </test-method> <!-- beforeMethod -->
        <test-method status="FAIL" signature="tc_03_negativeChangePassword()[pri:3, instance:com.testcases.manager.TS_01_LoginAndPassword@482f8f11]" name="tc_03_negativeChangePassword" duration-ms="10319" started-at="2018-04-11T01:17:16Z" finished-at="2018-04-11T01:17:27Z">
          <exception class="org.openqa.selenium.TimeoutException">
            <message>
              <![CDATA[Expected condition failed: waiting for visibility of element located by By.xpath: /html/body/div[3]/div/ul/li[11]/a (tried for 10 second(s) with 500 milliseconds interval)]]>
            </message>
            <full-stacktrace>
              <![CDATA[org.openqa.selenium.TimeoutException: Expected condition failed: waiting for visibility of element located by By.xpath: /html/body/div[3]/div/ul/li[11]/a (tried for 10 second(s) with 500 milliseconds interval)
at org.openqa.selenium.support.ui.WebDriverWait.timeoutException(WebDriverWait.java:81)
at org.openqa.selenium.support.ui.FluentWait.until(FluentWait.java:271)
at com.testcases.manager.TS_01_LoginAndPassword.tc_03_negativeChangePassword(TS_01_LoginAndPassword.java:81)
at sun.reflect.NativeMethodAccessorImpl.invoke0(Native Method)
at sun.reflect.NativeMethodAccessorImpl.invoke(Unknown Source)
at sun.reflect.DelegatingMethodAccessorImpl.invoke(Unknown Source)
at java.lang.reflect.Method.invoke(Unknown Source)
at org.testng.internal.MethodInvocationHelper.invokeMethod(MethodInvocationHelper.java:124)
at org.testng.internal.Invoker.invokeMethod(Invoker.java:580)
at org.testng.internal.Invoker.invokeTestMethod(Invoker.java:716)
at org.testng.internal.Invoker.invokeTestMethods(Invoker.java:988)
at org.testng.internal.TestMethodWorker.invokeTestMethods(TestMethodWorker.java:125)
at org.testng.internal.TestMethodWorker.run(TestMethodWorker.java:109)
at org.testng.TestRunner.privateRun(TestRunner.java:648)
at org.testng.TestRunner.run(TestRunner.java:505)
at org.testng.SuiteRunner.runTest(SuiteRunner.java:455)
at org.testng.SuiteRunner.runSequentially(SuiteRunner.java:450)
at org.testng.SuiteRunner.privateRun(SuiteRunner.java:415)
at org.testng.SuiteRunner.run(SuiteRunner.java:364)
at org.testng.SuiteRunnerWorker.runSuite(SuiteRunnerWorker.java:52)
at org.testng.SuiteRunnerWorker.run(SuiteRunnerWorker.java:84)
at org.testng.TestNG.runSuitesSequentially(TestNG.java:1208)
at org.testng.TestNG.runSuitesLocally(TestNG.java:1137)
at org.testng.TestNG.runSuites(TestNG.java:1049)
at org.testng.TestNG.run(TestNG.java:1017)
at org.testng.remote.AbstractRemoteTestNG.run(AbstractRemoteTestNG.java:114)
at org.testng.remote.RemoteTestNG.initAndRun(RemoteTestNG.java:251)
at org.testng.remote.RemoteTestNG.main(RemoteTestNG.java:77)
Caused by: org.openqa.selenium.NoSuchWindowException: no such window: target window already closed
from unknown error: web view not found
  (Session info: chrome=65.0.3325.181)
  (Driver info: chromedriver=2.37.544315 (730aa6a5fdba159ac9f4c1e8cbc59bf1b5ce12b7),platform=Windows NT 10.0.16299 x86_64) (WARNING: The server did not provide any stacktrace information)
Command duration or timeout: 0 milliseconds
Build info: version: '3.11.0', revision: 'e59cfb3', time: '2018-03-11T20:33:08.638Z'
System info: host: 'NEUPANE-PC', ip: '192.168.1.152', os.name: 'Windows 10', os.arch: 'amd64', os.version: '10.0', java.version: '1.8.0_131'
Driver info: org.openqa.selenium.chrome.ChromeDriver
Capabilities {acceptInsecureCerts: false, acceptSslCerts: false, applicationCacheEnabled: false, browserConnectionEnabled: false, browserName: chrome, chrome: {chromedriverVersion: 2.37.544315 (730aa6a5fdba15..., userDataDir: C:\Users\bishnu\AppData\Loc...}, cssSelectorsEnabled: true, databaseEnabled: false, handlesAlerts: true, hasTouchScreen: false, javascriptEnabled: true, locationContextEnabled: true, mobileEmulationEnabled: false, nativeEvents: true, networkConnectionEnabled: false, pageLoadStrategy: normal, platform: XP, platformName: XP, rotatable: false, setWindowRect: true, takesHeapSnapshot: true, takesScreenshot: true, unexpectedAlertBehaviour: , unhandledPromptBehavior: , version: 65.0.3325.181, webStorageEnabled: true}
Session ID: 7601ae575f26b27b7c477867dc777d60
*** Element info: {Using=xpath, value=/html/body/div[3]/div/ul/li[11]/a}
at sun.reflect.NativeConstructorAccessorImpl.newInstance0(Native Method)
at sun.reflect.NativeConstructorAccessorImpl.newInstance(Unknown Source)
at sun.reflect.DelegatingConstructorAccessorImpl.newInstance(Unknown Source)
at java.lang.reflect.Constructor.newInstance(Unknown Source)
at org.openqa.selenium.remote.ErrorHandler.createThrowable(ErrorHandler.java:214)
at org.openqa.selenium.remote.ErrorHandler.throwIfResponseFailed(ErrorHandler.java:166)
at org.openqa.selenium.remote.http.JsonHttpResponseCodec.reconstructValue(JsonHttpResponseCodec.java:40)
at org.openqa.selenium.remote.http.AbstractHttpResponseCodec.decode(AbstractHttpResponseCodec.java:80)
at org.openqa.selenium.remote.http.AbstractHttpResponseCodec.decode(AbstractHttpResponseCodec.java:44)
at org.openqa.selenium.remote.HttpCommandExecutor.execute(HttpCommandExecutor.java:158)
at org.openqa.selenium.remote.service.DriverCommandExecutor.execute(DriverCommandExecutor.java:83)
at org.openqa.selenium.remote.RemoteWebDriver.execute(RemoteWebDriver.java:545)
at org.openqa.selenium.remote.RemoteWebDriver.findElements(RemoteWebDriver.java:346)
at org.openqa.selenium.remote.RemoteWebDriver.findElementsByXPath(RemoteWebDriver.java:425)
at org.openqa.selenium.By$ByXPath.findElements(By.java:356)
at org.openqa.selenium.remote.RemoteWebDriver.findElements(RemoteWebDriver.java:307)
at org.openqa.selenium.support.ui.ExpectedConditions.findElement(ExpectedConditions.java:895)
at org.openqa.selenium.support.ui.ExpectedConditions.access$000(ExpectedConditions.java:44)
at org.openqa.selenium.support.ui.ExpectedConditions$7.apply(ExpectedConditions.java:206)
at org.openqa.selenium.support.ui.ExpectedConditions$7.apply(ExpectedConditions.java:202)
at org.openqa.selenium.support.ui.FluentWait.until(FluentWait.java:248)
... 26 more
]]>
            </full-stacktrace>
          </exception> <!-- org.openqa.selenium.TimeoutException -->
          <reporter-output>
          </reporter-output>
        </test-method> <!-- tc_03_negativeChangePassword -->
      </class> <!-- com.testcases.manager.TS_01_LoginAndPassword -->
    </test> <!-- Regression1 -->
  </suite> <!-- TestCases_Manager -->
</testng-results>
